<?xml version='1.1' encoding='UTF-8'?>
<result plugin="junit@1335.v6b_a_a_e18534e1">
  <suites>
    <suite>
      <file>/var/lib/jenkins/workspace/DOT503/target/surefire-reports/pytest-results.xml</file>
      <name>pytest</name>
      <duration>0.02</duration>
      <startTime>1755010204482</startTime>
      <properties/>
      <timestamp>2025-08-12T17:50:04.482537+03:00</timestamp>
      <time>0.020</time>
      <nodeId>51</nodeId>
      <enclosingBlocks>
        <string>43</string>
      </enclosingBlocks>
      <enclosingBlockNames>
        <string>Test</string>
      </enclosingBlockNames>
      <cases>
        <case>
          <duration>0.0</duration>
          <startTime>1755010204482</startTime>
          <className>tests.test_hotel.TestHotelBooking</className>
          <testName>test_single_room</testName>
          <skipped>false</skipped>
          <keepTestNames>false</keepTestNames>
          <properties/>
          <failedSince>0</failedSince>
        </case>
        <case>
          <duration>0.0</duration>
          <startTime>1755010204482</startTime>
          <className>tests.test_hotel.TestHotelBooking</className>
          <testName>test_double_room</testName>
          <skipped>false</skipped>
          <keepTestNames>false</keepTestNames>
          <properties/>
          <failedSince>0</failedSince>
        </case>
        <case>
          <duration>0.0</duration>
          <startTime>1755010204482</startTime>
          <className>tests.test_hotel.TestHotelBooking</className>
          <testName>test_luxury_room</testName>
          <skipped>false</skipped>
          <keepTestNames>false</keepTestNames>
          <properties/>
          <failedSince>0</failedSince>
        </case>
        <case>
          <duration>0.0</duration>
          <startTime>1755010204482</startTime>
          <className>tests.test_hotel.TestHotelBooking</className>
          <testName>test_economy_room</testName>
          <skipped>false</skipped>
          <keepTestNames>false</keepTestNames>
          <properties/>
          <failedSince>0</failedSince>
        </case>
        <case>
          <duration>0.0</duration>
          <startTime>1755010204482</startTime>
          <className>tests.test_hotel.TestHotelBooking</className>
          <testName>test_premium_suite</testName>
          <skipped>false</skipped>
          <keepTestNames>false</keepTestNames>
          <properties/>
          <failedSince>0</failedSince>
        </case>
      </cases>
    </suite>
  </suites>
  <duration>0.02</duration>
  <skipOldReports>false</skipOldReports>
  <startTime>1755010204482</startTime>
  <stdioRetention>NONE</stdioRetention>
  <keepTestNames>false</keepTestNames>
  <keepProperties>false</keepProperties>
</result>